<?xml version="1.0" encoding="UTF-8"?>
<!-- Generated by org.testng.reporters.JUnitXMLReporter -->
<testsuite ignored="0" hostname="Spark-05" failures="1" tests="1" name="Test1" time="27.879" errors="0" timestamp="29 Aug 2018 14:08:57 GMT">
  <testcase classname="com.test.structure.tests.LoginTests" name="testLogin" time="0.009">
    <failure type="java.lang.NoClassDefFoundError" message="net/sf/cglib/proxy/MethodInterceptor">
      <![CDATA[java.lang.NoClassDefFoundError: net/sf/cglib/proxy/MethodInterceptor
at com.test.structure.Pages.LoginPage.<init>(LoginPage.java:26)
at com.test.structure.tests.LoginTests.testLogin(LoginTests.java:23)
at java.base/java.util.concurrent.FutureTask.run(Unknown Source)
at java.base/java.util.concurrent.ThreadPoolExecutor.runWorker(Unknown Source)
at java.base/java.util.concurrent.ThreadPoolExecutor$Worker.run(Unknown Source)
at java.base/java.lang.Thread.run(Unknown Source)
Caused by: java.lang.ClassNotFoundException: net.sf.cglib.proxy.MethodInterceptor
at java.base/jdk.internal.loader.BuiltinClassLoader.loadClass(Unknown Source)
at java.base/jdk.internal.loader.ClassLoaders$AppClassLoader.loadClass(Unknown Source)
at java.base/java.lang.ClassLoader.loadClass(Unknown Source)
... 22 more
... Removed 16 stack frames]]>
    </failure>
  </testcase> <!-- testLogin -->
</testsuite> <!-- Test1 -->
